# JRE version: Java(TM) SE Runtime Environment (8.0_181-b13) (build 1.8.0_181-b13)
# Java VM: Java HotSpot(TM) 64-Bit Server VM (25.181-b13 mixed mode windows-amd64 compressed oops)
Heap:
 PSYoungGen      total 139264K, used 128512K [0x00000000f5580000, 0x0000000100000000, 0x0000000100000000)
  eden space 128512K, 100% used [0x00000000f5580000,0x00000000fd300000,0x00000000fd300000)
  from space 10752K, 0% used [0x00000000fd300000,0x00000000fd300000,0x00000000fdd80000)
  to   space 15360K, 26% used [0x00000000ff100000,0x00000000ff4ea040,0x0000000100000000)
 ParOldGen       total 187392K, used 18375K [0x00000000e0000000, 0x00000000eb700000, 0x00000000f5580000)
  object space 187392K, 9% used [0x00000000e0000000,0x00000000e11f1e68,0x00000000eb700000)
 Metaspace       used 41811K, capacity 43988K, committed 44288K, reserved 1087488K
  class space    used 5946K, capacity 6389K, committed 6400K, reserved 1048576K
GC Heap History (10 events):
Event: 8.255 GC heap before
{Heap before GC invocations=3 (full 0):
 PSYoungGen      total 136704K, used 129199K [0x00000000f5580000, 0x00000000fe800000, 0x0000000100000000)
  eden space 128512K, 94% used [0x00000000f5580000,0x00000000fcbd75e0,0x00000000fd300000)
  from space 8192K, 97% used [0x00000000fe000000,0x00000000fe7d4688,0x00000000fe800000)
  to   space 10752K, 0% used [0x00000000fd300000,0x00000000fd300000,0x00000000fdd80000)
 ParOldGen       total 175104K, used 24K [0x00000000e0000000, 0x00000000eab00000, 0x00000000f5580000)
  object space 175104K, 0% used [0x00000000e0000000,0x00000000e0006000,0x00000000eab00000)
 Metaspace       used 20386K, capacity 21290K, committed 21296K, reserved 1067008K
  class space    used 2980K, capacity 3199K, committed 3200K, reserved 1048576K
Event: 8.284 GC heap after
Heap after GC invocations=3 (full 0):
 PSYoungGen      total 139264K, used 10725K [0x00000000f5580000, 0x00000000fe800000, 0x0000000100000000)
  eden space 128512K, 0% used [0x00000000f5580000,0x00000000f5580000,0x00000000fd300000)
  from space 10752K, 99% used [0x00000000fd300000,0x00000000fdd79678,0x00000000fdd80000)
  to   space 10752K, 0% used [0x00000000fdd80000,0x00000000fdd80000,0x00000000fe800000)
 ParOldGen       total 175104K, used 3728K [0x00000000e0000000, 0x00000000eab00000, 0x00000000f5580000)
  object space 175104K, 2% used [0x00000000e0000000,0x00000000e03a4368,0x00000000eab00000)
 Metaspace       used 20386K, capacity 21290K, committed 21296K, reserved 1067008K
  class space    used 2980K, capacity 3199K, committed 3200K, reserved 1048576K
}
Event: 8.284 GC heap before
{Heap before GC invocations=4 (full 1):
 PSYoungGen      total 139264K, used 10725K [0x00000000f5580000, 0x00000000fe800000, 0x0000000100000000)
  eden space 128512K, 0% used [0x00000000f5580000,0x00000000f5580000,0x00000000fd300000)
  from space 10752K, 99% used [0x00000000fd300000,0x00000000fdd79678,0x00000000fdd80000)
  to   space 10752K, 0% used [0x00000000fdd80000,0x00000000fdd80000,0x00000000fe800000)
 ParOldGen       total 175104K, used 3728K [0x00000000e0000000, 0x00000000eab00000, 0x00000000f5580000)
  object space 175104K, 2% used [0x00000000e0000000,0x00000000e03a4368,0x00000000eab00000)
 Metaspace       used 20386K, capacity 21290K, committed 21296K, reserved 1067008K
  class space    used 2980K, capacity 3199K, committed 3200K, reserved 1048576K
Event: 8.365 GC heap after
Heap after GC invocations=4 (full 1):
 PSYoungGen      total 139264K, used 0K [0x00000000f5580000, 0x00000000fe800000, 0x0000000100000000)
  eden space 128512K, 0% used [0x00000000f5580000,0x00000000f5580000,0x00000000fd300000)
  from space 10752K, 0% used [0x00000000fd300000,0x00000000fd300000,0x00000000fdd80000)
  to   space 10752K, 0% used [0x00000000fdd80000,0x00000000fdd80000,0x00000000fe800000)
 ParOldGen       total 175104K, used 13847K [0x00000000e0000000, 0x00000000eab00000, 0x00000000f5580000)
  object space 175104K, 7% used [0x00000000e0000000,0x00000000e0d85e28,0x00000000eab00000)
 Metaspace       used 20386K, capacity 21290K, committed 21296K, reserved 1067008K
  class space    used 2980K, capacity 3199K, committed 3200K, reserved 1048576K
}
Event: 11.501 GC heap before
{Heap before GC invocations=5 (full 1):
 PSYoungGen      total 139264K, used 128512K [0x00000000f5580000, 0x00000000fe800000, 0x0000000100000000)
  eden space 128512K, 100% used [0x00000000f5580000,0x00000000fd300000,0x00000000fd300000)
  from space 10752K, 0% used [0x00000000fd300000,0x00000000fd300000,0x00000000fdd80000)
  to   space 10752K, 0% used [0x00000000fdd80000,0x00000000fdd80000,0x00000000fe800000)
 ParOldGen       total 175104K, used 13847K [0x00000000e0000000, 0x00000000eab00000, 0x00000000f5580000)
  object space 175104K, 7% used [0x00000000e0000000,0x00000000e0d85e28,0x00000000eab00000)
 Metaspace       used 27690K, capacity 29338K, committed 29696K, reserved 1075200K
  class space    used 4145K, capacity 4491K, committed 4608K, reserved 1048576K
Event: 11.518 GC heap after
Heap after GC invocations=5 (full 1):
 PSYoungGen      total 139264K, used 10671K [0x00000000f5580000, 0x0000000100000000, 0x0000000100000000)
  eden space 128512K, 0% used [0x00000000f5580000,0x00000000f5580000,0x00000000fd300000)
  from space 10752K, 99% used [0x00000000fdd80000,0x00000000fe7ebed8,0x00000000fe800000)
  to   space 10752K, 0% used [0x00000000fd300000,0x00000000fd300000,0x00000000fdd80000)
 ParOldGen       total 175104K, used 13855K [0x00000000e0000000, 0x00000000eab00000, 0x00000000f5580000)
  object space 175104K, 7% used [0x00000000e0000000,0x00000000e0d87e28,0x00000000eab00000)
 Metaspace       used 27690K, capacity 29338K, committed 29696K, reserved 1075200K
  class space    used 4145K, capacity 4491K, committed 4608K, reserved 1048576K
}
Event: 13.906 GC heap before
{Heap before GC invocations=6 (full 1):
 PSYoungGen      total 139264K, used 84678K [0x00000000f5580000, 0x0000000100000000, 0x0000000100000000)
  eden space 128512K, 57% used [0x00000000f5580000,0x00000000f9dc5b50,0x00000000fd300000)
  from space 10752K, 99% used [0x00000000fdd80000,0x00000000fe7ebed8,0x00000000fe800000)
  to   space 10752K, 0% used [0x00000000fd300000,0x00000000fd300000,0x00000000fdd80000)
 ParOldGen       total 175104K, used 13855K [0x00000000e0000000, 0x00000000eab00000, 0x00000000f5580000)
  object space 175104K, 7% used [0x00000000e0000000,0x00000000e0d87e28,0x00000000eab00000)
 Metaspace       used 33539K, capacity 35344K, committed 35456K, reserved 1079296K
  class space    used 5018K, capacity 5396K, committed 5504K, reserved 1048576K
Event: 13.931 GC heap after
Heap after GC invocations=6 (full 1):
 PSYoungGen      total 139264K, used 10746K [0x00000000f5580000, 0x0000000100000000, 0x0000000100000000)
  eden space 128512K, 0% used [0x00000000f5580000,0x00000000f5580000,0x00000000fd300000)
  from space 10752K, 99% used [0x00000000fd300000,0x00000000fdd7e868,0x00000000fdd80000)
  to   space 15360K, 0% used [0x00000000ff100000,0x00000000ff100000,0x0000000100000000)
 ParOldGen       total 175104K, used 14734K [0x00000000e0000000, 0x00000000eab00000, 0x00000000f5580000)
  object space 175104K, 8% used [0x00000000e0000000,0x00000000e0e639d8,0x00000000eab00000)
 Metaspace       used 33539K, capacity 35344K, committed 35456K, reserved 1079296K
  class space    used 5018K, capacity 5396K, committed 5504K, reserved 1048576K
}
Event: 13.932 GC heap before
{Heap before GC invocations=7 (full 2):
 PSYoungGen      total 139264K, used 10746K [0x00000000f5580000, 0x0000000100000000, 0x0000000100000000)
  eden space 128512K, 0% used [0x00000000f5580000,0x00000000f5580000,0x00000000fd300000)
  from space 10752K, 99% used [0x00000000fd300000,0x00000000fdd7e868,0x00000000fdd80000)
  to   space 15360K, 0% used [0x00000000ff100000,0x00000000ff100000,0x0000000100000000)
 ParOldGen       total 175104K, used 14734K [0x00000000e0000000, 0x00000000eab00000, 0x00000000f5580000)
  object space 175104K, 8% used [0x00000000e0000000,0x00000000e0e639d8,0x00000000eab00000)
 Metaspace       used 33539K, capacity 35344K, committed 35456K, reserved 1079296K
  class space    used 5018K, capacity 5396K, committed 5504K, reserved 1048576K
Event: 14.090 GC heap after
Heap after GC invocations=7 (full 2):
 PSYoungGen      total 139264K, used 0K [0x00000000f5580000, 0x0000000100000000, 0x0000000100000000)
  eden space 128512K, 0% used [0x00000000f5580000,0x00000000f5580000,0x00000000fd300000)
  from space 10752K, 0% used [0x00000000fd300000,0x00000000fd300000,0x00000000fdd80000)
  to   space 15360K, 0% used [0x00000000ff100000,0x00000000ff100000,0x0000000100000000)
 ParOldGen       total 187392K, used 18375K [0x00000000e0000000, 0x00000000eb700000, 0x00000000f5580000)
  object space 187392K, 9% used [0x00000000e0000000,0x00000000e11f1e68,0x00000000eb700000)
 Metaspace       used 33536K, capacity 35332K, committed 35456K, reserved 1079296K
  class space    used 5017K, capacity 5394K, committed 5504K, reserved 1048576K
}

